2021-11-07 21:31:51,771 [INFO] Activator:177 - 


2021-11-07 21:31:51,772 [INFO] Activator:178 - !SESSION log4j initialized
2021-11-07 21:32:04,997 [INFO] McuFinderGlobals:39 - Set McuFinder mode to 2 (CubeIDE integrated)
2021-11-07 21:32:05,343 [INFO] ApplicationProperties:181 - Using Application install path: D:\ST\STM32CubeIDE_1.7.0\STM32CubeIDE\plugins\com.st.stm32cube.common.mx_6.3.0.202107141111
2021-11-07 21:32:05,353 [INFO] DbMcusXml:74 - Set database path to: D:\ST\STM32CubeIDE_1.7.0\STM32CubeIDE\plugins\com.st.stm32cube.common.mx_6.3.0.202107141111\\db\/mcu/
2021-11-07 21:32:05,358 [INFO] DbBoardsPdsc:56 - Set plugin database path to: D:\ST\STM32CubeIDE_1.7.0\STM32CubeIDE\plugins\com.st.stm32cube.common.mx_6.3.0.202107141111\\db\/plugins/boardmanager/
2021-11-07 21:32:05,366 [INFO] DbMcus:258 - Set plugin images path to: D:\ST\STM32CubeIDE_1.7.0\STM32CubeIDE\plugins\com.st.stm32cube.common.mx_6.3.0.202107141111\\db\/plugins/mcufinder/images/
2021-11-07 21:32:05,367 [INFO] DbBoards:264 - Set plugin images path to: D:\ST\STM32CubeIDE_1.7.0\STM32CubeIDE\plugins\com.st.stm32cube.common.mx_6.3.0.202107141111\\db\/plugins/mcufinder/images/
2021-11-07 21:32:05,370 [INFO] DbExamples:333 - Set plugin images path to: D:\ST\STM32CubeIDE_1.7.0\STM32CubeIDE\plugins\com.st.stm32cube.common.mx_6.3.0.202107141111\\db\/plugins/mcufinder/images/
2021-11-07 21:32:05,374 [INFO] DbMcusAds:119 - Set database path to: C:\Users\10786\.stmcufinder\plugins\mcufinder//mcu/
2021-11-07 21:32:05,375 [INFO] DbMcusDocs:110 - Set database path to: C:\Users\10786\.stmcufinder\plugins\mcufinder//mcu/
2021-11-07 21:32:05,376 [INFO] DbMcusJson:64 - Set database path to: C:\Users\10786\.stmcufinder\plugins\mcufinder//mcu/
2021-11-07 21:32:05,377 [INFO] DbBoardsDocs:110 - Set database path to: C:\Users\10786\.stmcufinder\plugins\mcufinder//mcu/
2021-11-07 21:32:05,378 [INFO] DbBoardsJson:57 - Set database path to: C:\Users\10786\.stmcufinder\plugins\mcufinder//mcu/
2021-11-07 21:32:05,385 [INFO] CrossReferenceDbSqlite:196 - Set database path to: C:\Users\10786\.stmcufinder\plugins\mcufinder//mcu/cs/
2021-11-07 21:32:05,388 [INFO] DbExamplesSqlite:767 - Set database path to: C:\Users\10786\.stmcufinder\plugins\mcufinder//mcu/
2021-11-07 21:32:05,478 [INFO] RulesReader:57 - Compatibility file has been processed (242 Rules)
2021-11-07 21:32:05,555 [INFO] DbMcusXml:74 - Set database path to: D:\ST\STM32CubeIDE_1.7.0\STM32CubeIDE\plugins\com.st.stm32cube.common.mx_6.3.0.202107141111\\db\/mcu/
2021-11-07 21:32:05,556 [INFO] DbBoardsPdsc:56 - Set plugin database path to: D:\ST\STM32CubeIDE_1.7.0\STM32CubeIDE\plugins\com.st.stm32cube.common.mx_6.3.0.202107141111\\db\/plugins/boardmanager/
2021-11-07 21:32:05,556 [INFO] DbMcus:258 - Set plugin images path to: D:\ST\STM32CubeIDE_1.7.0\STM32CubeIDE\plugins\com.st.stm32cube.common.mx_6.3.0.202107141111\\db\/plugins/mcufinder/images/
2021-11-07 21:32:05,556 [INFO] DbBoards:264 - Set plugin images path to: D:\ST\STM32CubeIDE_1.7.0\STM32CubeIDE\plugins\com.st.stm32cube.common.mx_6.3.0.202107141111\\db\/plugins/mcufinder/images/
2021-11-07 21:32:05,557 [INFO] DbExamples:333 - Set plugin images path to: D:\ST\STM32CubeIDE_1.7.0\STM32CubeIDE\plugins\com.st.stm32cube.common.mx_6.3.0.202107141111\\db\/plugins/mcufinder/images/
2021-11-07 21:32:05,557 [WARN] DbFile:35 - Overriding database path with different value: C:\Users\10786\.stmcufinder\plugins\mcufinder/ => C:\Users\10786\.stmcufinder\plugins\mcufinder
2021-11-07 21:32:05,557 [INFO] DbMcusAds:119 - Set database path to: C:\Users\10786\.stmcufinder\plugins\mcufinder//mcu/
2021-11-07 21:32:05,557 [WARN] DbFile:35 - Overriding database path with different value: C:\Users\10786\.stmcufinder\plugins\mcufinder/ => C:\Users\10786\.stmcufinder\plugins\mcufinder
2021-11-07 21:32:05,557 [INFO] DbMcusDocs:110 - Set database path to: C:\Users\10786\.stmcufinder\plugins\mcufinder//mcu/
2021-11-07 21:32:05,558 [WARN] DbFile:35 - Overriding database path with different value: C:\Users\10786\.stmcufinder\plugins\mcufinder/ => C:\Users\10786\.stmcufinder\plugins\mcufinder
2021-11-07 21:32:05,558 [INFO] DbMcusJson:64 - Set database path to: C:\Users\10786\.stmcufinder\plugins\mcufinder//mcu/
2021-11-07 21:32:05,558 [WARN] DbFile:35 - Overriding database path with different value: C:\Users\10786\.stmcufinder\plugins\mcufinder/ => C:\Users\10786\.stmcufinder\plugins\mcufinder
2021-11-07 21:32:05,558 [INFO] DbBoardsDocs:110 - Set database path to: C:\Users\10786\.stmcufinder\plugins\mcufinder//mcu/
2021-11-07 21:32:05,558 [WARN] DbFile:35 - Overriding database path with different value: C:\Users\10786\.stmcufinder\plugins\mcufinder/ => C:\Users\10786\.stmcufinder\plugins\mcufinder
2021-11-07 21:32:05,558 [INFO] DbBoardsJson:57 - Set database path to: C:\Users\10786\.stmcufinder\plugins\mcufinder//mcu/
2021-11-07 21:32:05,558 [WARN] DbFile:35 - Overriding database path with different value: C:\Users\10786\.stmcufinder\plugins\mcufinder/ => C:\Users\10786\.stmcufinder\plugins\mcufinder
2021-11-07 21:32:05,558 [WARN] DbFile:35 - Overriding database path with different value: C:\Users\10786\.stmcufinder\plugins\mcufinder/ => C:\Users\10786\.stmcufinder\plugins\mcufinder
2021-11-07 21:32:05,559 [INFO] CrossReferenceDbSqlite:196 - Set database path to: C:\Users\10786\.stmcufinder\plugins\mcufinder//mcu/cs/
2021-11-07 21:32:05,559 [WARN] DbFile:35 - Overriding database path with different value: C:\Users\10786\.stmcufinder\plugins\mcufinder/ => C:\Users\10786\.stmcufinder\plugins\mcufinder
2021-11-07 21:32:05,559 [INFO] DbExamplesSqlite:767 - Set database path to: C:\Users\10786\.stmcufinder\plugins\mcufinder//mcu/
2021-11-07 21:32:05,614 [INFO] MainPanel:214 - HeapMemory: 268435456
2021-11-07 21:32:05,679 [INFO] DbMcusXml:74 - Set database path to: D:\ST\STM32CubeIDE_1.7.0\STM32CubeIDE\plugins\com.st.stm32cube.common.mx_6.3.0.202107141111\\db\/mcu/
2021-11-07 21:32:05,679 [INFO] DbBoardsPdsc:56 - Set plugin database path to: D:\ST\STM32CubeIDE_1.7.0\STM32CubeIDE\plugins\com.st.stm32cube.common.mx_6.3.0.202107141111\\db\/plugins/boardmanager/
2021-11-07 21:32:05,679 [INFO] DbMcus:258 - Set plugin images path to: D:\ST\STM32CubeIDE_1.7.0\STM32CubeIDE\plugins\com.st.stm32cube.common.mx_6.3.0.202107141111\\db\/plugins/mcufinder/images/
2021-11-07 21:32:05,679 [INFO] DbBoards:264 - Set plugin images path to: D:\ST\STM32CubeIDE_1.7.0\STM32CubeIDE\plugins\com.st.stm32cube.common.mx_6.3.0.202107141111\\db\/plugins/mcufinder/images/
2021-11-07 21:32:05,679 [INFO] DbExamples:333 - Set plugin images path to: D:\ST\STM32CubeIDE_1.7.0\STM32CubeIDE\plugins\com.st.stm32cube.common.mx_6.3.0.202107141111\\db\/plugins/mcufinder/images/
2021-11-07 21:32:05,679 [WARN] DbFile:35 - Overriding database path with different value: C:\Users\10786\.stmcufinder\plugins\mcufinder/ => C:\Users\10786\.stmcufinder\plugins\mcufinder
2021-11-07 21:32:05,680 [INFO] DbMcusAds:119 - Set database path to: C:\Users\10786\.stmcufinder\plugins\mcufinder//mcu/
2021-11-07 21:32:05,680 [WARN] DbFile:35 - Overriding database path with different value: C:\Users\10786\.stmcufinder\plugins\mcufinder/ => C:\Users\10786\.stmcufinder\plugins\mcufinder
2021-11-07 21:32:05,680 [INFO] DbMcusDocs:110 - Set database path to: C:\Users\10786\.stmcufinder\plugins\mcufinder//mcu/
2021-11-07 21:32:05,680 [WARN] DbFile:35 - Overriding database path with different value: C:\Users\10786\.stmcufinder\plugins\mcufinder/ => C:\Users\10786\.stmcufinder\plugins\mcufinder
2021-11-07 21:32:05,680 [INFO] DbMcusJson:64 - Set database path to: C:\Users\10786\.stmcufinder\plugins\mcufinder//mcu/
2021-11-07 21:32:05,680 [WARN] DbFile:35 - Overriding database path with different value: C:\Users\10786\.stmcufinder\plugins\mcufinder/ => C:\Users\10786\.stmcufinder\plugins\mcufinder
2021-11-07 21:32:05,680 [INFO] DbBoardsDocs:110 - Set database path to: C:\Users\10786\.stmcufinder\plugins\mcufinder//mcu/
2021-11-07 21:32:05,680 [WARN] DbFile:35 - Overriding database path with different value: C:\Users\10786\.stmcufinder\plugins\mcufinder/ => C:\Users\10786\.stmcufinder\plugins\mcufinder
2021-11-07 21:32:05,680 [INFO] DbBoardsJson:57 - Set database path to: C:\Users\10786\.stmcufinder\plugins\mcufinder//mcu/
2021-11-07 21:32:05,680 [WARN] DbFile:35 - Overriding database path with different value: C:\Users\10786\.stmcufinder\plugins\mcufinder/ => C:\Users\10786\.stmcufinder\plugins\mcufinder
2021-11-07 21:32:05,681 [WARN] DbFile:35 - Overriding database path with different value: C:\Users\10786\.stmcufinder\plugins\mcufinder/ => C:\Users\10786\.stmcufinder\plugins\mcufinder
2021-11-07 21:32:05,681 [INFO] CrossReferenceDbSqlite:196 - Set database path to: C:\Users\10786\.stmcufinder\plugins\mcufinder//mcu/cs/
2021-11-07 21:32:05,681 [WARN] DbFile:35 - Overriding database path with different value: C:\Users\10786\.stmcufinder\plugins\mcufinder/ => C:\Users\10786\.stmcufinder\plugins\mcufinder
2021-11-07 21:32:05,681 [INFO] DbExamplesSqlite:767 - Set database path to: C:\Users\10786\.stmcufinder\plugins\mcufinder//mcu/
2021-11-07 21:32:05,698 [INFO] ApplicationProperties:181 - Using Application install path: D:\ST\STM32CubeIDE_1.7.0\STM32CubeIDE\plugins\com.st.stm32cube.common.mx_6.3.0.202107141111
2021-11-07 21:32:05,699 [INFO] PluginManage:188 - Search for loadable plugins [exclusion list=, ]
2021-11-07 21:32:05,700 [INFO] PluginManage:302 - Check plugin analytics
2021-11-07 21:32:05,838 [INFO] AnalyticsPlugin:257 - Accepted Software Licenses: 
2021-11-07 21:32:05,838 [INFO] AnalyticsPlugin:259 - Accepted CMSIS Pack Licenses: 
2021-11-07 21:32:05,838 [INFO] AnalyticsPlugin:261 - Accepted Firmware Licenses: 
2021-11-07 21:32:05,839 [INFO] PluginManage:352 - Loaded plugin analytics (category:tool,tabindex:-1)
2021-11-07 21:32:05,839 [INFO] PluginManage:302 - Check plugin clock
2021-11-07 21:32:05,849 [INFO] PluginManage:352 - Loaded plugin clock (category:base,tabindex:2)
2021-11-07 21:32:05,850 [INFO] PluginManage:302 - Check plugin ddr
2021-11-07 21:32:05,851 [INFO] PluginManage:352 - Loaded plugin ddr (category:tool,tabindex:6)
2021-11-07 21:32:05,851 [INFO] PluginManage:302 - Check plugin filemanager
2021-11-07 21:32:05,970 [INFO] PluginManage:352 - Loaded plugin filemanager (category:base,tabindex:10)
2021-11-07 21:32:05,970 [INFO] PluginManage:302 - Check plugin ipmanager
2021-11-07 21:32:05,979 [INFO] PluginManage:352 - Loaded plugin ipmanager (category:base,tabindex:5)
2021-11-07 21:32:05,979 [INFO] PluginManage:302 - Check plugin pinoutandconfiguration
2021-11-07 21:32:05,986 [INFO] PluginManage:352 - Loaded plugin pinoutandconfiguration (category:base,tabindex:1)
2021-11-07 21:32:05,987 [INFO] PluginManage:302 - Check plugin pinoutconfig
2021-11-07 21:32:06,030 [INFO] PluginManage:352 - Loaded plugin pinoutconfig (category:base,tabindex:0)
2021-11-07 21:32:06,030 [INFO] PluginManage:302 - Check plugin power
2021-11-07 21:32:06,039 [INFO] PluginManage:352 - Loaded plugin power (category:power,tabindex:4)
2021-11-07 21:32:06,039 [INFO] PluginManage:302 - Check plugin projectmanager
2021-11-07 21:32:06,055 [INFO] PluginManage:352 - Loaded plugin projectmanager (category:projectmanager,tabindex:3)
2021-11-07 21:32:06,056 [INFO] PluginManage:302 - Check plugin thirdparty
2021-11-07 21:32:06,164 [WARN] IntegrityCheckThread:78 - waiting for thirdparty lock release [integrity check]
2021-11-07 21:32:06,165 [INFO] IntegrityCheckThread:80 - entering critical section [integrity check]
2021-11-07 21:32:06,164 [INFO] PluginManage:352 - Loaded plugin thirdparty (category:base,tabindex:-1)
2021-11-07 21:32:06,165 [INFO] PluginManage:302 - Check plugin tools
2021-11-07 21:32:06,165 [INFO] ThirdPartyUpdaterWithRetryManager:66 - Updater plugin not ready yet. [1/15]
2021-11-07 21:32:06,167 [INFO] PluginManage:352 - Loaded plugin tools (category:base,tabindex:7)
2021-11-07 21:32:06,167 [INFO] PluginManage:302 - Check plugin tutovideos
2021-11-07 21:32:06,358 [INFO] PluginManage:352 - Loaded plugin tutovideos (category:base,tabindex:-1)
2021-11-07 21:32:06,358 [INFO] PluginManage:302 - Check plugin updater
2021-11-07 21:32:06,368 [INFO] PluginManage:352 - Loaded plugin updater (category:base,tabindex:12)
2021-11-07 21:32:06,369 [INFO] PluginManage:275 - PluginManage : Loaded plugins [13]
2021-11-07 21:32:06,526 [INFO] PinOutPanel:1463 - setPackage(No Configuration,No Configuration)
2021-11-07 21:32:06,608 [INFO] IPUIPlugin:74 - create IPUIPlugin
2021-11-07 21:32:06,609 [INFO] PluginManager:213 - loadIPPluginJar : add adc
2021-11-07 21:32:06,611 [INFO] IPUIPlugin:74 - create IPUIPlugin
2021-11-07 21:32:06,611 [INFO] PluginManager:213 - loadIPPluginJar : add aes
2021-11-07 21:32:06,613 [INFO] IPUIPlugin:74 - create IPUIPlugin
2021-11-07 21:32:06,613 [INFO] PluginManager:213 - loadIPPluginJar : add can
2021-11-07 21:32:06,615 [INFO] IPUIPlugin:74 - create IPUIPlugin
2021-11-07 21:32:06,615 [INFO] PluginManager:213 - loadIPPluginJar : add comp
2021-11-07 21:32:06,617 [INFO] IPUIPlugin:74 - create IPUIPlugin
2021-11-07 21:32:06,617 [INFO] PluginManager:213 - loadIPPluginJar : add cryp
2021-11-07 21:32:06,619 [INFO] IPUIPlugin:74 - create IPUIPlugin
2021-11-07 21:32:06,619 [INFO] PluginManager:213 - loadIPPluginJar : add dfsdm
2021-11-07 21:32:06,625 [INFO] IPUIPlugin:74 - create IPUIPlugin
2021-11-07 21:32:06,625 [INFO] PluginManager:213 - loadIPPluginJar : add dma
2021-11-07 21:32:06,627 [INFO] IPUIPlugin:74 - create IPUIPlugin
2021-11-07 21:32:06,628 [INFO] PluginManager:213 - loadIPPluginJar : add dma3
2021-11-07 21:32:06,629 [INFO] IPUIPlugin:74 - create IPUIPlugin
2021-11-07 21:32:06,629 [INFO] PluginManager:213 - loadIPPluginJar : add fatfs
2021-11-07 21:32:06,633 [INFO] IPUIPlugin:74 - create IPUIPlugin
2021-11-07 21:32:06,633 [INFO] PluginManager:213 - loadIPPluginJar : add fmc
2021-11-07 21:32:06,638 [INFO] IPUIPlugin:74 - create IPUIPlugin
2021-11-07 21:32:06,639 [INFO] PluginManager:213 - loadIPPluginJar : add freertos
2021-11-07 21:32:06,640 [INFO] IPUIPlugin:74 - create IPUIPlugin
2021-11-07 21:32:06,640 [INFO] PluginManager:213 - loadIPPluginJar : add genericplugin
2021-11-07 21:32:06,642 [INFO] IPUIPlugin:74 - create IPUIPlugin
2021-11-07 21:32:06,642 [INFO] PluginManager:213 - loadIPPluginJar : add gfxmmu
2021-11-07 21:32:06,647 [INFO] IPUIPlugin:74 - create IPUIPlugin
2021-11-07 21:32:06,647 [INFO] PluginManager:213 - loadIPPluginJar : add gic
2021-11-07 21:32:06,650 [INFO] IPUIPlugin:74 - create IPUIPlugin
2021-11-07 21:32:06,650 [INFO] PluginManager:213 - loadIPPluginJar : add gpio
2021-11-07 21:32:06,652 [INFO] IPUIPlugin:74 - create IPUIPlugin
2021-11-07 21:32:06,652 [INFO] PluginManager:213 - loadIPPluginJar : add gtzc
2021-11-07 21:32:06,654 [INFO] IPUIPlugin:74 - create IPUIPlugin
2021-11-07 21:32:06,654 [INFO] PluginManager:213 - loadIPPluginJar : add hash
2021-11-07 21:32:06,656 [INFO] IPUIPlugin:74 - create IPUIPlugin
2021-11-07 21:32:06,656 [INFO] PluginManager:213 - loadIPPluginJar : add i2c
2021-11-07 21:32:06,658 [INFO] IPUIPlugin:74 - create IPUIPlugin
2021-11-07 21:32:06,658 [INFO] PluginManager:213 - loadIPPluginJar : add i2s
2021-11-07 21:32:06,661 [INFO] IPUIPlugin:74 - create IPUIPlugin
2021-11-07 21:32:06,661 [INFO] PluginManager:213 - loadIPPluginJar : add ipddr
2021-11-07 21:32:06,667 [INFO] IPUIPlugin:74 - create IPUIPlugin
2021-11-07 21:32:06,667 [INFO] PluginManager:213 - loadIPPluginJar : add linkedlist
2021-11-07 21:32:06,670 [INFO] IPUIPlugin:74 - create IPUIPlugin
2021-11-07 21:32:06,670 [INFO] PluginManager:213 - loadIPPluginJar : add lorawan
2021-11-07 21:32:06,671 [INFO] IPUIPlugin:74 - create IPUIPlugin
2021-11-07 21:32:06,671 [INFO] PluginManager:213 - loadIPPluginJar : add ltdc
2021-11-07 21:32:06,674 [INFO] IPUIPlugin:74 - create IPUIPlugin
2021-11-07 21:32:06,674 [INFO] PluginManager:213 - loadIPPluginJar : add mdma
2021-11-07 21:32:06,678 [INFO] IPUIPlugin:74 - create IPUIPlugin
2021-11-07 21:32:06,678 [INFO] PluginManager:213 - loadIPPluginJar : add nvic
2021-11-07 21:32:06,681 [INFO] IPUIPlugin:74 - create IPUIPlugin
2021-11-07 21:32:06,681 [INFO] PluginManager:213 - loadIPPluginJar : add opamp
2021-11-07 21:32:06,683 [INFO] IPUIPlugin:74 - create IPUIPlugin
2021-11-07 21:32:06,683 [INFO] PluginManager:213 - loadIPPluginJar : add openamp
2021-11-07 21:32:06,686 [INFO] IPUIPlugin:74 - create IPUIPlugin
2021-11-07 21:32:06,686 [INFO] PluginManager:213 - loadIPPluginJar : add pdm2pcm
2021-11-07 21:32:06,692 [INFO] IPUIPlugin:74 - create IPUIPlugin
2021-11-07 21:32:06,696 [INFO] PluginManager:213 - loadIPPluginJar : add plateformsettings
2021-11-07 21:32:06,698 [INFO] IPUIPlugin:74 - create IPUIPlugin
2021-11-07 21:32:06,698 [INFO] PluginManager:213 - loadIPPluginJar : add quadspi
2021-11-07 21:32:06,700 [INFO] IPUIPlugin:74 - create IPUIPlugin
2021-11-07 21:32:06,701 [INFO] PluginManager:213 - loadIPPluginJar : add resmgrutility
2021-11-07 21:32:06,703 [INFO] IPUIPlugin:74 - create IPUIPlugin
2021-11-07 21:32:06,703 [INFO] PluginManager:213 - loadIPPluginJar : add sai
2021-11-07 21:32:06,705 [INFO] IPUIPlugin:74 - create IPUIPlugin
2021-11-07 21:32:06,705 [INFO] PluginManager:213 - loadIPPluginJar : add spi
2021-11-07 21:32:06,709 [INFO] IPUIPlugin:74 - create IPUIPlugin
2021-11-07 21:32:06,709 [INFO] PluginManager:213 - loadIPPluginJar : add stm32_wpan
2021-11-07 21:32:06,711 [INFO] IPUIPlugin:74 - create IPUIPlugin
2021-11-07 21:32:06,711 [INFO] PluginManager:213 - loadIPPluginJar : add tim
2021-11-07 21:32:06,714 [INFO] IPUIPlugin:74 - create IPUIPlugin
2021-11-07 21:32:06,715 [INFO] PluginManager:213 - loadIPPluginJar : add touchsensing
2021-11-07 21:32:06,716 [INFO] IPUIPlugin:74 - create IPUIPlugin
2021-11-07 21:32:06,717 [INFO] PluginManager:213 - loadIPPluginJar : add tracer_emb
2021-11-07 21:32:06,718 [INFO] IPUIPlugin:74 - create IPUIPlugin
2021-11-07 21:32:06,718 [INFO] PluginManager:213 - loadIPPluginJar : add ts
2021-11-07 21:32:06,719 [INFO] IPUIPlugin:74 - create IPUIPlugin
2021-11-07 21:32:06,719 [INFO] PluginManager:213 - loadIPPluginJar : add tsc
2021-11-07 21:32:06,721 [INFO] IPUIPlugin:74 - create IPUIPlugin
2021-11-07 21:32:06,721 [INFO] PluginManager:213 - loadIPPluginJar : add ucpd
2021-11-07 21:32:06,723 [INFO] IPUIPlugin:74 - create IPUIPlugin
2021-11-07 21:32:06,723 [INFO] PluginManager:213 - loadIPPluginJar : add usart
2021-11-07 21:32:06,725 [INFO] IPUIPlugin:74 - create IPUIPlugin
2021-11-07 21:32:06,726 [INFO] PluginManager:213 - loadIPPluginJar : add usbx
2021-11-07 21:32:07,036 [FATAL] Updater:294 - Updater called before beeing initialized
2021-11-07 21:32:07,144 [FATAL] Updater:294 - Updater called before beeing initialized
2021-11-07 21:32:07,148 [INFO] DbMcusAds:47 - JSON generation date=Thu Sep 30 08:55:09 CEST 2021 (1632984909261)
2021-11-07 21:32:07,149 [FATAL] Updater:294 - Updater called before beeing initialized
2021-11-07 21:32:07,186 [WARN] DetailPanel:314 - Failed to get advertising image, set to default
2021-11-07 21:32:07,296 [FATAL] Updater:294 - Updater called before beeing initialized
2021-11-07 21:32:07,298 [FATAL] Updater:294 - Updater called before beeing initialized
2021-11-07 21:32:07,298 [FATAL] Updater:294 - Updater called before beeing initialized
2021-11-07 21:32:07,298 [WARN] DetailPanel:314 - Failed to get advertising image, set to default
2021-11-07 21:32:07,299 [FATAL] Updater:294 - Updater called before beeing initialized
2021-11-07 21:32:07,352 [ERROR] Updater:1075 - MainUpdater not yet initialized. External WinMGr cannot be set.
2021-11-07 21:32:07,354 [INFO] Updater:1012 - Updater Version found : 6.3.0
2021-11-07 21:32:07,371 [INFO] ApplicationProperties:181 - Using Application install path: D:\ST\STM32CubeIDE_1.7.0\STM32CubeIDE\plugins\com.st.stm32cube.common.mx_6.3.0.202107141111
2021-11-07 21:32:07,479 [INFO] MainUpdater:2671 - connection check result : 10
2021-11-07 21:32:07,480 [INFO] MainUpdater:265 - Updater Check For Update Now.
2021-11-07 21:32:07,480 [INFO] MicroXplorer:478 - Change Database Version : DB.6.0.30
2021-11-07 21:32:07,617 [INFO] CheckServerUpdateThread:112 - End of CheckServer Thread
2021-11-07 21:32:07,688 [INFO] MainUpdater:2671 - connection check result : 10
2021-11-07 21:32:07,938 [INFO] McuFinderGlobals:52 - Set McuFinderConnectedMode to false
2021-11-07 21:32:08,019 [INFO] CrossSelectorPresenter:1330 - Cross Selector saved comparison directory: C:\Users\10786\.stmcufinder\plugins\mcufinder\mcu\cs_comparisons_mx
2021-11-07 21:32:08,023 [INFO] MultiScanPanel:197 - Auto-refresh data requested => check proxy status ongoing
2021-11-07 21:32:08,023 [INFO] MultiScanPanel:201 - Proxy status is invalid
2021-11-07 21:32:08,026 [INFO] FinderPluginLoader:87 - Searching for filters in installed packs
2021-11-07 21:32:08,027 [INFO] DbMcusXml:100 - Load MCU database from D:\ST\STM32CubeIDE_1.7.0\STM32CubeIDE\plugins\com.st.stm32cube.common.mx_6.3.0.202107141111\\db\/mcu/families.xml
2021-11-07 21:32:08,950 [INFO] DbMcusJson:93 - JSON generation date=Fri Oct 29 09:56:29 CEST 2021 (1635494189)
2021-11-07 21:32:09,273 [WARN] PackLoader:238 - Cannot read IP mode file for STMicroelectronics.X-CUBE-BLE1.6.2.1
2021-11-07 21:32:09,281 [WARN] PackLoader:238 - Cannot read IP mode file for STMicroelectronics.X-CUBE-BLE2.3.2.1
2021-11-07 21:32:09,286 [WARN] PackLoader:238 - Cannot read IP mode file for STMicroelectronics.X-CUBE-BLE2.3.2.2
2021-11-07 21:32:09,303 [WARN] PackLoader:238 - Cannot read IP mode file for STMicroelectronics.X-CUBE-NFC4.2.0.3
2021-11-07 21:32:09,309 [WARN] PackLoader:238 - Cannot read IP mode file for wolfSSL.I-CUBE-wolfSSL.4.8.0
2021-11-07 21:32:09,318 [WARN] PackLoader:238 - Cannot read IP mode file for STMicroelectronics.X-CUBE-SFXS2LP1.3.1.0
2021-11-07 21:32:09,354 [WARN] PackLoader:238 - Cannot read IP mode file for STMicroelectronics.X-CUBE-AZRTOS-F4.1.0.0
2021-11-07 21:32:09,374 [WARN] PackLoader:238 - Cannot read IP mode file for STMicroelectronics.X-CUBE-TOF1.2.0.0
2021-11-07 21:32:09,386 [WARN] PackLoader:238 - Cannot read IP mode file for STMicroelectronics.X-CUBE-SUBG2.4.2.0
2021-11-07 21:32:09,408 [WARN] PackLoader:238 - Cannot read IP mode file for STMicroelectronics.X-CUBE-ALGOBUILD.1.2.1
2021-11-07 21:32:09,415 [WARN] PackLoader:238 - Cannot read IP mode file for STMicroelectronics.X-CUBE-DISPLAY.1.0.0
2021-11-07 21:32:09,418 [WARN] PackLoader:238 - Cannot read IP mode file for STMicroelectronics.X-CUBE-TOUCHGFX.4.18.0
2021-11-07 21:32:09,426 [WARN] PackLoader:238 - Cannot read IP mode file for RoweBots.I-CUBE-UNISONRTOS.5.5.0-4
2021-11-07 21:32:09,482 [WARN] PackLoader:238 - Cannot read IP mode file for STMicroelectronics.X-CUBE-MEMS1.9.0.0
2021-11-07 21:32:09,731 [WARN] PackLoader:238 - Cannot read IP mode file for SEGGER.I-CUBE-embOS.1.2.0
2021-11-07 21:32:09,751 [INFO] DbMcus:175 - Found 1951 MCUs (1903 are supported by CubeMX, 1905 are visible in CubeMX)
2021-11-07 21:32:09,752 [INFO] ApiDb:251 - Load user favorites file C:\Users\10786/.stm32cubeide/favorites.mcus.txt: 1 item(s)
2021-11-07 21:32:09,752 [INFO] ApiDb:255 - User favorites MCUs=[STM32F303K8Tx]
2021-11-07 21:32:09,752 [INFO] DbMcus:187 - Set 1 / 1 favorites MCUs
2021-11-07 21:32:09,792 [WARN] PackLoader:238 - Cannot read IP mode file for STMicroelectronics.X-CUBE-TOUCHGFX.4.17.0
2021-11-07 21:32:09,822 [WARN] PackLoader:238 - Cannot read IP mode file for STMicroelectronics.X-CUBE-AZRTOS-H7.2.0.0
2021-11-07 21:32:09,853 [WARN] PackLoader:238 - Cannot read IP mode file for STMicroelectronics.X-CUBE-AZRTOS-L4.1.0.0
2021-11-07 21:32:09,913 [WARN] PackLoader:238 - Cannot read IP mode file for STMicroelectronics.X-CUBE-MEMS1.9.1.0
2021-11-07 21:32:10,135 [WARN] PackLoader:238 - Cannot read IP mode file for STMicroelectronics.X-CUBE-ALS.1.0.1
2021-11-07 21:32:10,139 [WARN] PackLoader:238 - Cannot read IP mode file for STMicroelectronics.X-CUBE-AI.7.0.0
2021-11-07 21:32:10,144 [WARN] PackLoader:238 - Cannot read IP mode file for STMicroelectronics.X-CUBE-EEPRMA1.3.1.0
2021-11-07 21:32:10,151 [WARN] PackLoader:238 - Cannot read IP mode file for STMicroelectronics.X-CUBE-GNSS1.5.2.0
2021-11-07 21:32:10,157 [WARN] PackLoader:238 - Cannot read IP mode file for STMicroelectronics.X-CUBE-DISPLAY.2.0.0
2021-11-07 21:32:10,158 [INFO] ThirdParty:915 - Integrity check success = true
2021-11-07 21:32:10,158 [INFO] IntegrityCheckThread:94 - exiting critical section [integrity check]
2021-11-07 21:32:10,158 [INFO] IntegrityCheckThread:97 - End integrity checks thread
2021-11-07 21:32:10,313 [INFO] DetailPanel:309 - Set advertising image to C:/Users/10786/STM32Cube/Repository/\en.Prom_NBSTM32U50921.jpg
2021-11-07 21:32:10,745 [INFO] DbBoardsPdsc:90 - Found 25 items
2021-11-07 21:32:10,747 [INFO] DbBoardsPdsc:90 - Found 9 items
2021-11-07 21:32:10,750 [INFO] DbBoardsPdsc:90 - Found 33 items
2021-11-07 21:32:10,751 [INFO] DbBoardsPdsc:90 - Found 1 items
2021-11-07 21:32:10,757 [INFO] DbBoardsPdsc:90 - Found 48 items
2021-11-07 21:32:10,764 [INFO] DbBoardsPdsc:90 - Found 43 items
2021-11-07 21:32:10,766 [INFO] DbBoardsPdsc:90 - Found 2 items
2021-11-07 21:32:10,767 [INFO] DbBoardsPdsc:90 - Found 5 items
2021-11-07 21:32:10,771 [WARN] DbBoardsPdsc:254 - Board STM32H7B3I-DK: unknown feature type=Audio, name=, username=Audio stereo codec with Headphone Amp (CS42L51-CNZ), n=1
2021-11-07 21:32:10,771 [WARN] DbBoardsPdsc:254 - Board STM32H735G-DK: unknown feature type=Audio, name=, username=Audio stereo codec with Headphone Amp (WM8994ECS/R), n=1
2021-11-07 21:32:10,772 [WARN] DbBoardsPdsc:254 - Board STM32H7B3I-EVAL: unknown feature type=Audio, name=, username=Multi-Channel Audio Codec (CS42L51-CNZ), n=1
2021-11-07 21:32:10,772 [WARN] DbBoardsPdsc:254 - Board STM32H7B3I-EVAL: unknown feature type=Meter, name=, username=Power-metering and Temperature-monitoring with sigma-delta modulators, n=1
2021-11-07 21:32:10,773 [WARN] DbBoardsPdsc:254 - Board STM32H7B3I-EVAL: unknown feature type=Motor, name=, username=Motor Control, n=1
2021-11-07 21:32:10,773 [WARN] DbBoardsPdsc:254 - Board STM32U575I-EV: unknown feature type=joystick, name=, username=4-direction joystick with selection button, n=1
2021-11-07 21:32:10,794 [INFO] DbBoardsJson:86 - JSON generation date=Fri Oct 29 09:56:29 CEST 2021 (1635494189)
2021-11-07 21:32:10,799 [INFO] DbBoards:117 - Found 167 boards (163 are supported by CubeMX)
2021-11-07 21:32:10,802 [INFO] DbBoardsDocs:143 - JSON generation date=Fri Oct 29 09:56:29 CEST 2021 (1635494189)
2021-11-07 21:32:10,806 [INFO] DbBoardsDocs:79 - Found 209 boards documents
2021-11-07 21:32:10,806 [WARN] DbBoards:127 - board B-L475E-IOT01A2 has no document id list !
2021-11-07 21:32:10,807 [WARN] DbBoards:127 - board NUCLEO-H743ZI has no document id list !
2021-11-07 21:32:10,808 [WARN] DbBoards:127 - board NUCLEO-WL55JC2 has no document id list !
2021-11-07 21:32:10,808 [WARN] DbBoards:127 - board P-NUCLEO-WB55-Nucleo has no document id list !
2021-11-07 21:32:10,808 [WARN] DbBoards:127 - board P-NUCLEO-WB55-USBDongle has no document id list !
2021-11-07 21:32:10,808 [WARN] DbBoards:127 - board STEVAL-BFA001V1B has no document id list !
2021-11-07 21:32:10,808 [WARN] DbBoards:127 - board STEVAL-BFA001V2B has no document id list !
2021-11-07 21:32:10,808 [WARN] DbBoards:127 - board STEVAL-IDP005V1 has no document id list !
2021-11-07 21:32:10,808 [WARN] DbBoards:127 - board STEVAL-IDP005V2 has no document id list !
2021-11-07 21:32:10,808 [WARN] DbBoards:127 - board STEVAL-MKSBOX1V1 has no document id list !
2021-11-07 21:32:10,808 [WARN] DbBoards:127 - board STEVAL-STWINKT1 has no document id list !
2021-11-07 21:32:10,808 [WARN] DbBoards:127 - board STEVAL-STWINKT1B has no document id list !
2021-11-07 21:32:10,809 [WARN] DbBoards:127 - board STM32439I-EVAL2 has no document id list !
2021-11-07 21:32:10,809 [WARN] DbBoards:127 - board STM32F401C-DISCO has no document id list !
2021-11-07 21:32:10,809 [WARN] DbBoards:127 - board STM32F769I-DISC1 has no document id list !
2021-11-07 21:32:10,809 [WARN] DbBoards:127 - board STM32G474E-EVAL1 has no document id list !
2021-11-07 21:32:10,810 [WARN] DbBoards:127 - board STM32H743I-EVAL2 has no document id list !
2021-11-07 21:32:10,810 [WARN] DbBoards:127 - board STM32H747I-DISC1 has no document id list !
2021-11-07 21:32:10,810 [WARN] DbBoards:127 - board STM32H753I-EVAL2 has no document id list !
2021-11-07 21:32:10,810 [WARN] DbBoards:127 - board STM32L-DISCOVERY has no document id list !
2021-11-07 21:32:10,954 [ERROR] DbBoards:189 - Image file not found for board B-U585I-IOT02A: D:\ST\STM32CubeIDE_1.7.0\STM32CubeIDE\plugins\com.st.stm32cube.common.mx_6.3.0.202107141111\\db\/plugins/mcufinder/images/boards/B-U585I-IOT02A_small.jpg
2021-11-07 21:32:12,688 [INFO] ApiDb:251 - Load user favorites file C:\Users\10786/.stm32cubeide/favorites.boards.txt: 1 item(s)
2021-11-07 21:32:12,688 [INFO] ApiDb:255 - User favorites Boards=[NUCLEO-F303K8]
2021-11-07 21:32:12,688 [INFO] DbBoards:206 - Set 1 / 1 favorites Boards
2021-11-07 21:32:13,110 [INFO] MultiScanPanel:197 - Auto-refresh data requested => check proxy status ongoing
2021-11-07 21:32:13,111 [INFO] MultiScanPanel:201 - Proxy status is invalid
2021-11-07 21:32:13,164 [INFO] DetailPanel:309 - Set advertising image to C:/Users/10786/STM32Cube/Repository/\en.Prom_NBSTM32U50921.jpg
2021-11-07 21:32:13,309 [INFO] MultiScanPanel:197 - Auto-refresh data requested => check proxy status ongoing
2021-11-07 21:32:13,309 [INFO] MultiScanPanel:201 - Proxy status is invalid
2021-11-07 21:32:13,509 [INFO] ApiDb:479 - Connected to CubeFinder SQLite database (C:\Users\10786\.stmcufinder\plugins\mcufinder\mcu\cube-finder-db.db)
2021-11-07 21:32:14,426 [INFO] DbExamplesSqlite:411 - Ignored 16 examples not supported by CubeIDE
2021-11-07 21:32:14,426 [INFO] DbExamplesSqlite:412 - Found 5811 examples active
2021-11-07 21:32:14,427 [INFO] DbExamplesSqlite:413 - Found 0 examples obsolete
2021-11-07 21:32:14,427 [INFO] DbExamplesSqlite:414 - Found 0 examples under development
2021-11-07 21:32:14,427 [INFO] DbExamplesSqlite:415 - Found 83 examples not building
2021-11-07 21:32:14,454 [INFO] DbExamplesSqlite:108 - CubeFinder database Data Model version=2.1
2021-11-07 21:32:14,454 [INFO] DbExamplesSqlite:109 - CubeFinder database Configuration version=3.0.14
2021-11-07 21:32:14,455 [INFO] DbExamplesSqlite:110 - CubeFinder database generation date=2021-10-26 (1635247417)
2021-11-07 21:32:14,455 [INFO] DbExamplesSqlite:111 - CubeFinder database FW Pack versions=[STM32Cube_FW_F4_V1.26.2, STM32Cube_FW_F7_V1.16.1, STM32Cube_FW_G0_V1.5.0, STM32Cube_FW_G4_V1.4.0, STM32Cube_FW_H7_V1.9.0, STM32Cube_FW_L5_V1.4.0, STM32Cube_FW_U5_V1.0.2, STM32Cube_FW_WB_V1.12.1, STM32Cube_FW_WL_V1.1.0, X-CUBE-ALS_V1.0.1, X-CUBE-AZRTOS-F4_V1.0.0, X-CUBE-AZRTOS-H7_V2.0.0, X-CUBE-AZRTOS-L4_V1.0.0, X-CUBE-BLE1_V6.2.1, X-CUBE-BLE2_V3.2.1, X-CUBE-EEPRMA1_V3.1.0, X-CUBE-GNSS1_V5.2.0, X-CUBE-NFC4_V2.0.3, X-CUBE-SFXS2LP1_V3.1.0, X-CUBE-SUBG2_V4.2.0]
2021-11-07 21:32:14,456 [INFO] DbExamples:130 - Found 5878 examples
2021-11-07 21:32:15,160 [ERROR] DbExamples:206 - Found 5878 examples with invalid data (board or MCU)
2021-11-07 21:32:15,160 [INFO] DbExamples:222 - Found 74 boards with related examples
2021-11-07 21:32:15,161 [INFO] DbExamples:235 - Found 0 MCUs with related examples
2021-11-07 21:32:15,182 [INFO] ApiDb:251 - Load user favorites file C:\Users\10786/.stm32cubeide/favorites.examples.txt: 0 item(s)
2021-11-07 21:32:15,182 [INFO] ApiDb:255 - User favorites Examples=[]
2021-11-07 21:32:15,182 [INFO] DbExamples:256 - Set 0 / 0 favorites Examples
2021-11-07 21:32:15,453 [INFO] SoftwarePacks:121 - Download is needed for SW pack 'STM32Cube_FW_F4_V1.26.2'
2021-11-07 21:32:15,458 [INFO] SoftwarePacks:121 - Download is needed for SW pack 'STM32Cube_FW_F7_V1.16.1'
2021-11-07 21:32:15,462 [INFO] SoftwarePacks:121 - Download is needed for SW pack 'STM32Cube_FW_G0_V1.5.0'
2021-11-07 21:32:15,466 [INFO] SoftwarePacks:121 - Download is needed for SW pack 'STM32Cube_FW_G4_V1.4.0'
2021-11-07 21:32:15,471 [INFO] SoftwarePacks:121 - Download is needed for SW pack 'STM32Cube_FW_H7_V1.9.0'
2021-11-07 21:32:15,475 [INFO] SoftwarePacks:121 - Download is needed for SW pack 'STM32Cube_FW_L5_V1.4.0'
2021-11-07 21:32:15,478 [INFO] SoftwarePacks:121 - Download is needed for SW pack 'STM32Cube_FW_U5_V1.0.2'
2021-11-07 21:32:15,482 [INFO] SoftwarePacks:121 - Download is needed for SW pack 'STM32Cube_FW_WB_V1.12.1'
2021-11-07 21:32:15,487 [INFO] SoftwarePacks:121 - Download is needed for SW pack 'STM32Cube_FW_WL_V1.1.0'
2021-11-07 21:32:15,487 [INFO] SoftwarePacks:121 - Download is needed for SW pack 'X-CUBE-ALS_V1.0.1'
2021-11-07 21:32:15,487 [INFO] SoftwarePacks:121 - Download is needed for SW pack 'X-CUBE-AZRTOS-F4_V1.0.0'
2021-11-07 21:32:15,487 [INFO] SoftwarePacks:121 - Download is needed for SW pack 'X-CUBE-AZRTOS-H7_V2.0.0'
2021-11-07 21:32:15,487 [INFO] SoftwarePacks:121 - Download is needed for SW pack 'X-CUBE-AZRTOS-L4_V1.0.0'
2021-11-07 21:32:15,487 [INFO] SoftwarePacks:121 - Download is needed for SW pack 'X-CUBE-BLE1_V6.2.1'
2021-11-07 21:32:15,487 [INFO] SoftwarePacks:121 - Download is needed for SW pack 'X-CUBE-BLE2_V3.2.1'
2021-11-07 21:32:15,488 [INFO] SoftwarePacks:121 - Download is needed for SW pack 'X-CUBE-EEPRMA1_V3.1.0'
2021-11-07 21:32:15,488 [INFO] SoftwarePacks:121 - Download is needed for SW pack 'X-CUBE-GNSS1_V5.2.0'
2021-11-07 21:32:15,488 [INFO] SoftwarePacks:121 - Download is needed for SW pack 'X-CUBE-NFC4_V2.0.3'
2021-11-07 21:32:15,488 [INFO] SoftwarePacks:121 - Download is needed for SW pack 'X-CUBE-SFXS2LP1_V3.1.0'
2021-11-07 21:32:15,488 [INFO] SoftwarePacks:121 - Download is needed for SW pack 'X-CUBE-SUBG2_V4.2.0'
2021-11-07 21:32:17,054 [INFO] DetailPanel:309 - Set advertising image to C:/Users/10786/STM32Cube/Repository/\en.Prom_NBSTM32U50921.jpg
2021-11-07 21:32:34,644 [INFO] McuFinderGlobals:52 - Set McuFinderConnectedMode to true
2021-11-07 21:32:34,846 [INFO] ApiDb:276 - Save user favorites file C:\Users\10786/.stm32cubeide/favorites.mcus.txt: 1 item(s)
2021-11-07 21:32:34,846 [INFO] ApiDb:280 - User favorites MCUs=[STM32F303K8Tx]
2021-11-07 21:32:34,848 [INFO] ApiDb:276 - Save user favorites file C:\Users\10786/.stm32cubeide/favorites.boards.txt: 1 item(s)
2021-11-07 21:32:34,848 [INFO] ApiDb:280 - User favorites Boards=[NUCLEO-F303K8]
2021-11-07 21:32:34,850 [INFO] ApiDb:276 - Save user favorites file C:\Users\10786/.stm32cubeide/favorites.examples.txt: 0 item(s)
2021-11-07 21:32:34,851 [INFO] ApiDb:280 - User favorites Examples=[]
2021-11-07 21:32:55,066 [INFO] MainUpdater:2671 - connection check result : 10
2021-11-07 21:32:55,167 [INFO] McuFinderGlobals:52 - Set McuFinderConnectedMode to false
2021-11-07 21:32:55,179 [INFO] CrossSelectorPresenter:1330 - Cross Selector saved comparison directory: C:\Users\10786\.stmcufinder\plugins\mcufinder\mcu\cs_comparisons_mx
2021-11-07 21:32:55,180 [INFO] MultiScanPanel:197 - Auto-refresh data requested => check proxy status ongoing
2021-11-07 21:32:55,181 [INFO] MultiScanPanel:201 - Proxy status is invalid
2021-11-07 21:32:55,182 [INFO] FinderPluginLoader:87 - Searching for filters in installed packs
2021-11-07 21:32:55,474 [INFO] DetailPanel:309 - Set advertising image to C:/Users/10786/STM32Cube/Repository/\en.Prom_NBSTM32U50921.jpg
2021-11-07 21:32:55,690 [INFO] MultiScanPanel:735 - adjusting invalid saved split location: -0.1
2021-11-07 21:32:55,762 [INFO] MultiScanPanel:735 - adjusting invalid saved split location: -0.1
2021-11-07 21:32:55,835 [INFO] MultiScanPanel:735 - adjusting invalid saved split location: -0.1
2021-11-07 21:33:20,404 [INFO] MainUpdater:2671 - connection check result : 10
2021-11-07 21:33:20,405 [INFO] MainUpdater:2671 - connection check result : 10
2021-11-07 21:33:20,505 [INFO] MicroXplorer:448 - Change Database Path : 
2021-11-07 21:33:20,506 [INFO] MicroXplorer:478 - Change Database Version : DB.6.0.30
2021-11-07 21:33:20,506 [WARN] ThirdParty:813 - waiting for thirdparty lock release [close project]
2021-11-07 21:33:20,506 [INFO] ThirdParty:815 - entering critical section [close project]
2021-11-07 21:33:20,507 [INFO] ThirdParty:825 - exiting critical section [close project]
2021-11-07 21:33:20,508 [INFO] PinOutPanel:1463 - setPackage(No Configuration,No Configuration)
2021-11-07 21:33:20,509 [INFO] UtilMem:74 - Begin LoadConfig() Used Memory: 514646472 Bytes (793772032)
2021-11-07 21:33:20,509 [INFO] MicroXplorer:448 - Change Database Path : 
2021-11-07 21:33:20,510 [INFO] MicroXplorer:478 - Change Database Version : DB.6.0.30
2021-11-07 21:33:20,510 [INFO] OpenFileManager:313 - Change cursor
2021-11-07 21:33:22,721 [INFO] Context:592 - Trying to add GPIOservice into a context  which must be forbidden
2021-11-07 21:33:23,357 [WARN] ApiManager:304 - Cannot register API 'Board Extension:S2868A1' from pack STMicroelectronics.X-CUBE-SFXS2LP1.3.1.0: no header file found
2021-11-07 21:33:23,357 [WARN] ApiManager:304 - Cannot register API 'Board Extension:S2868A2' from pack STMicroelectronics.X-CUBE-SFXS2LP1.3.1.0: no header file found
2021-11-07 21:33:23,357 [WARN] ApiManager:304 - Cannot register API 'Board Extension:S2915A1' from pack STMicroelectronics.X-CUBE-SFXS2LP1.3.1.0: no header file found
2021-11-07 21:33:23,376 [WARN] ModelIntegratedComponent:60 - No mode defined for component null
2021-11-07 21:33:23,376 [WARN] ModelIntegratedComponent:60 - No mode defined for component null
2021-11-07 21:33:23,376 [WARN] ModelIntegratedComponent:60 - No mode defined for component null
2021-11-07 21:33:23,377 [WARN] ModelIntegratedComponent:60 - No mode defined for component null
2021-11-07 21:33:23,377 [WARN] ModelIntegratedComponent:60 - No mode defined for component null
2021-11-07 21:33:23,377 [WARN] ModelIntegratedComponent:60 - No mode defined for component null
2021-11-07 21:33:23,377 [WARN] ModelIntegratedComponent:60 - No mode defined for component null
2021-11-07 21:33:23,377 [WARN] ModelIntegratedComponent:60 - No mode defined for component null
2021-11-07 21:33:23,377 [WARN] ModelIntegratedComponent:60 - No mode defined for component null
2021-11-07 21:33:23,377 [WARN] ModelIntegratedComponent:60 - No mode defined for component null
2021-11-07 21:33:23,377 [WARN] ModelIntegratedComponent:60 - No mode defined for component null
2021-11-07 21:33:23,377 [WARN] ModelIntegratedComponent:60 - No mode defined for component null
2021-11-07 21:33:23,377 [WARN] ModelIntegratedComponent:60 - No mode defined for component null
2021-11-07 21:33:23,378 [WARN] ModelIntegratedComponent:60 - No mode defined for component null
2021-11-07 21:33:23,378 [WARN] ModelIntegratedComponent:60 - No mode defined for component null
2021-11-07 21:33:23,378 [WARN] ModelIntegratedComponent:60 - No mode defined for component null
2021-11-07 21:33:23,378 [WARN] ModelIntegratedComponent:60 - No mode defined for component null
2021-11-07 21:33:23,378 [WARN] ModelIntegratedComponent:60 - No mode defined for component null
2021-11-07 21:33:23,378 [WARN] ModelIntegratedComponent:60 - No mode defined for component null
2021-11-07 21:33:23,378 [WARN] ModelIntegratedComponent:60 - No mode defined for component null
2021-11-07 21:33:23,378 [WARN] ModelIntegratedComponent:60 - No mode defined for component null
2021-11-07 21:33:23,378 [WARN] ModelIntegratedComponent:60 - No mode defined for component null
2021-11-07 21:33:23,379 [WARN] ModelIntegratedComponent:60 - No mode defined for component null
2021-11-07 21:33:23,379 [WARN] ModelIntegratedComponent:60 - No mode defined for component null
2021-11-07 21:33:23,379 [WARN] ModelIntegratedComponent:60 - No mode defined for component null
2021-11-07 21:33:23,379 [WARN] ModelIntegratedComponent:60 - No mode defined for component null
2021-11-07 21:33:23,379 [WARN] ModelIntegratedComponent:60 - No mode defined for component null
2021-11-07 21:33:23,379 [WARN] ModelIntegratedComponent:60 - No mode defined for component null
2021-11-07 21:33:23,379 [WARN] ModelIntegratedComponent:60 - No mode defined for component null
2021-11-07 21:33:23,379 [WARN] ModelIntegratedComponent:60 - No mode defined for component null
2021-11-07 21:33:23,379 [WARN] ModelIntegratedComponent:60 - No mode defined for component null
2021-11-07 21:33:23,636 [WARN] ApiManager:304 - Cannot register API 'Board Extension:IKS01A3' from pack STMicroelectronics.X-CUBE-MEMS1.9.0.0: no header file found
2021-11-07 21:33:23,636 [WARN] ApiManager:304 - Cannot register API 'Board Extension:IKS01A2' from pack STMicroelectronics.X-CUBE-MEMS1.9.0.0: no header file found
2021-11-07 21:33:23,636 [WARN] ApiManager:304 - Cannot register API 'Board Extension:IKS02A1' from pack STMicroelectronics.X-CUBE-MEMS1.9.0.0: no header file found
2021-11-07 21:33:23,650 [WARN] ApiManager:304 - Cannot register API 'Board Extension:S2868A1' from pack STMicroelectronics.X-CUBE-SUBG2.4.2.0: no header file found
2021-11-07 21:33:23,650 [WARN] ApiManager:304 - Cannot register API 'Board Extension:S2868A2' from pack STMicroelectronics.X-CUBE-SUBG2.4.2.0: no header file found
2021-11-07 21:33:23,650 [WARN] ApiManager:304 - Cannot register API 'Board Extension:S2915A1' from pack STMicroelectronics.X-CUBE-SUBG2.4.2.0: no header file found
2021-11-07 21:33:23,868 [WARN] ApiManager:304 - Cannot register API 'Board Extension:IKS01A3' from pack STMicroelectronics.X-CUBE-MEMS1.9.1.0: no header file found
2021-11-07 21:33:23,869 [WARN] ApiManager:304 - Cannot register API 'Board Extension:IKS01A2' from pack STMicroelectronics.X-CUBE-MEMS1.9.1.0: no header file found
2021-11-07 21:33:23,869 [WARN] ApiManager:304 - Cannot register API 'Board Extension:IKS02A1' from pack STMicroelectronics.X-CUBE-MEMS1.9.1.0: no header file found
2021-11-07 21:33:23,878 [INFO] RtosManager:484 - Registered RTOS mode: class=CMSIS, group=RTOS, mode=CMSIS_V1, owner=FREERTOS
2021-11-07 21:33:23,879 [INFO] RtosManager:484 - Registered RTOS mode: class=CMSIS, group=RTOS2, mode=CMSIS_V2, owner=FREERTOS
2021-11-07 21:33:23,879 [INFO] RtosManager:484 - Registered RTOS mode: class=RTOS, group=Core, mode=CMSIS_V1, owner=FREERTOS
2021-11-07 21:33:23,879 [INFO] RtosManager:484 - Registered RTOS mode: class=RTOS, group=Core, mode=CMSIS_V2, owner=FREERTOS
2021-11-07 21:33:23,879 [WARN] ModelIntegratedComponent:181 - Missing modes for component STMicroelectronics:FreeRTOS:0.0.1:STMicroelectronics:RTOS:FreeRTOS:Core:::10.2.0:
2021-11-07 21:33:23,885 [WARN] ApiManager:304 - Cannot register API 'Board Extension:EEPRMA1' from pack STMicroelectronics.X-CUBE-EEPRMA1.3.1.0: no header file found
2021-11-07 21:33:23,885 [WARN] ApiManager:304 - Cannot register API 'Board Extension:EEPRMA2' from pack STMicroelectronics.X-CUBE-EEPRMA1.3.1.0: no header file found
2021-11-07 21:33:23,886 [WARN] ApiManager:304 - Cannot register API 'Board Extension:GNSS1A1' from pack STMicroelectronics.X-CUBE-GNSS1.5.2.0: no header file found
2021-11-07 21:33:23,886 [WARN] ApiManager:304 - Cannot register API 'Board Support:Custom' from pack STMicroelectronics.X-CUBE-GNSS1.5.2.0: no header file found
2021-11-07 21:33:23,886 [WARN] ApiManager:304 - Cannot register API 'Data Exchange:lib_gnss' from pack STMicroelectronics.X-CUBE-GNSS1.5.2.0: no header file found
2021-11-07 21:33:23,887 [WARN] ApiManager:304 - Cannot register API 'Wireless:BlueNRG-MS' from pack STMicroelectronics.X-CUBE-BLE1.6.2.1: no header file found
2021-11-07 21:33:23,888 [WARN] ApiManager:304 - Cannot register API 'Wireless:BlueNRG-2' from pack STMicroelectronics.X-CUBE-BLE2.3.2.1: no header file found
2021-11-07 21:33:23,888 [WARN] ApiManager:304 - Cannot register API 'Wireless:BlueNRG-2' from pack STMicroelectronics.X-CUBE-BLE2.3.2.2: no header file found
2021-11-07 21:33:23,889 [WARN] ApiManager:304 - Cannot register API 'Board Extension:NFC04A1' from pack STMicroelectronics.X-CUBE-NFC4.2.0.3: no header file found
2021-11-07 21:33:25,299 [INFO] UtilMem:74 - End LoadConfig() Used Memory: 632616536 Bytes (793772032)
2021-11-07 21:33:25,352 [WARN] ThirdParty:779 - waiting for thirdparty lock release [change project]
2021-11-07 21:33:25,352 [INFO] ThirdParty:781 - entering critical section [change project]
2021-11-07 21:33:25,353 [INFO] ThirdParty:967 - CMSIS Pack Vendor :STMicroelectronics X-CUBE-SFXS2LP1 3.1.0
2021-11-07 21:33:25,353 [INFO] ThirdParty:967 - CMSIS Pack Vendor :RoweBots I-CUBE-UNISONRTOS 5.5.0-4
2021-11-07 21:33:25,353 [INFO] ThirdParty:967 - CMSIS Pack Vendor :STMicroelectronics X-CUBE-AZRTOS-F4 1.0.0
2021-11-07 21:33:25,353 [INFO] ThirdParty:967 - CMSIS Pack Vendor :STMicroelectronics USB_HOST 2.0.0
2021-11-07 21:33:25,353 [INFO] ThirdParty:967 - CMSIS Pack Vendor :STMicroelectronics X-CUBE-AZRTOS-H7 2.0.0
2021-11-07 21:33:25,353 [INFO] ThirdParty:967 - CMSIS Pack Vendor :STMicroelectronics X-CUBE-AZRTOS-L4 1.0.0
2021-11-07 21:33:25,354 [INFO] ThirdParty:967 - CMSIS Pack Vendor :STMicroelectronics USB_DEVICE 3.0.0
2021-11-07 21:33:25,354 [INFO] ThirdParty:967 - CMSIS Pack Vendor :STMicroelectronics X-CUBE-TOF1 2.0.0
2021-11-07 21:33:25,354 [INFO] ThirdParty:967 - CMSIS Pack Vendor :STMicroelectronics HAL Drivers 0.0.0
2021-11-07 21:33:25,354 [INFO] ThirdParty:967 - CMSIS Pack Vendor :STMicroelectronics MBEDTLS 2.16.2
2021-11-07 21:33:25,354 [INFO] ThirdParty:967 - CMSIS Pack Vendor :STMicroelectronics MBEDTLS 2.14.1
2021-11-07 21:33:25,354 [INFO] ThirdParty:967 - CMSIS Pack Vendor :STMicroelectronics X-CUBE-MEMS1 9.0.0
2021-11-07 21:33:25,354 [INFO] ThirdParty:967 - CMSIS Pack Vendor :STMicroelectronics X-CUBE-SUBG2 4.2.0
2021-11-07 21:33:25,354 [INFO] ThirdParty:967 - CMSIS Pack Vendor :STMicroelectronics X-CUBE-MEMS1 9.1.0
2021-11-07 21:33:25,354 [INFO] ThirdParty:967 - CMSIS Pack Vendor :STMicroelectronics X-CUBE-ALS 1.0.1
2021-11-07 21:33:25,354 [INFO] ThirdParty:967 - CMSIS Pack Vendor :STMicroelectronics USB_DEVICE 2.0.0
2021-11-07 21:33:25,354 [INFO] ThirdParty:967 - CMSIS Pack Vendor :STMicroelectronics X-CUBE-AI 7.0.0
2021-11-07 21:33:25,354 [INFO] ThirdParty:967 - CMSIS Pack Vendor :STMicroelectronics X-CUBE-ALGOBUILD 1.2.1
2021-11-07 21:33:25,355 [INFO] ThirdParty:967 - CMSIS Pack Vendor :STMicroelectronics X-CUBE-DISPLAY 1.0.0
2021-11-07 21:33:25,355 [INFO] ThirdParty:967 - CMSIS Pack Vendor :STMicroelectronics FreeRTOS 0.0.1
2021-11-07 21:33:25,355 [INFO] ThirdParty:967 - CMSIS Pack Vendor :STMicroelectronics USB_DEVICE 1.0.0
2021-11-07 21:33:25,355 [INFO] ThirdParty:967 - CMSIS Pack Vendor :SEGGER I-CUBE-embOS 1.2.0
2021-11-07 21:33:25,355 [INFO] ThirdParty:967 - CMSIS Pack Vendor :STMicroelectronics X-CUBE-EEPRMA1 3.1.0
2021-11-07 21:33:25,355 [INFO] ThirdParty:967 - CMSIS Pack Vendor :STMicroelectronics X-CUBE-GNSS1 5.2.0
2021-11-07 21:33:25,355 [INFO] ThirdParty:967 - CMSIS Pack Vendor :STMicroelectronics ThreadX 0.0.2
2021-11-07 21:33:25,355 [INFO] ThirdParty:967 - CMSIS Pack Vendor :STMicroelectronics lwIP 2.0.3
2021-11-07 21:33:25,355 [INFO] ThirdParty:967 - CMSIS Pack Vendor :STMicroelectronics lwIP 2.1.2
2021-11-07 21:33:25,355 [INFO] ThirdParty:967 - CMSIS Pack Vendor :STMicroelectronics X-CUBE-BLE1 6.2.1
2021-11-07 21:33:25,355 [INFO] ThirdParty:967 - CMSIS Pack Vendor :STMicroelectronics X-CUBE-BLE2 3.2.1
2021-11-07 21:33:25,355 [INFO] ThirdParty:967 - CMSIS Pack Vendor :STMicroelectronics X-CUBE-BLE2 3.2.2
2021-11-07 21:33:25,356 [INFO] ThirdParty:967 - CMSIS Pack Vendor :STMicroelectronics X-CUBE-DISPLAY 2.0.0
2021-11-07 21:33:25,356 [INFO] ThirdParty:967 - CMSIS Pack Vendor :STMicroelectronics USB_HOST 1.0.0
2021-11-07 21:33:25,356 [INFO] ThirdParty:967 - CMSIS Pack Vendor :STMicroelectronics X-CUBE-NFC4 2.0.3
2021-11-07 21:33:25,356 [INFO] ThirdParty:967 - CMSIS Pack Vendor :wolfSSL I-CUBE-wolfSSL 4.8.0
2021-11-07 21:33:25,356 [INFO] ThirdParty:967 - CMSIS Pack Vendor :STMicroelectronics X-CUBE-TOUCHGFX 4.17.0
2021-11-07 21:33:25,356 [INFO] ThirdParty:967 - CMSIS Pack Vendor :STMicroelectronics PDM2PCM 3.1.0
2021-11-07 21:33:25,356 [INFO] ThirdParty:967 - CMSIS Pack Vendor :STMicroelectronics PDM2PCM 3.2.0
2021-11-07 21:33:25,356 [INFO] ThirdParty:967 - CMSIS Pack Vendor :STMicroelectronics PDM2PCM 3.3.0
2021-11-07 21:33:25,356 [INFO] ThirdParty:967 - CMSIS Pack Vendor :STMicroelectronics X-CUBE-TOUCHGFX 4.18.0
2021-11-07 21:33:25,356 [INFO] ThirdParty:787 - exiting critical section [change project]
2021-11-07 21:33:25,718 [INFO] PinOutPanel:1463 - setPackage(No Configuration,No Configuration)
2021-11-07 21:33:25,719 [INFO] PinOutPanel:1463 - setPackage(STM32F303K8Tx,LQFP32)
2021-11-07 21:33:27,824 [INFO] UtilMem:74 - Before build in PCC Used Memory: 550326072 Bytes (793772032)
2021-11-07 21:33:28,977 [INFO] UtilMem:74 - After build in PCC Used Memory: 633163576 Bytes (793772032)
2021-11-07 21:33:29,005 [INFO] IPUIPlugin:74 - create IPUIPlugin
2021-11-07 21:33:29,005 [INFO] IPUIPlugin:74 - create IPUIPlugin
2021-11-07 21:33:29,005 [INFO] IPUIPlugin:74 - create IPUIPlugin
2021-11-07 21:33:29,005 [INFO] IPUIPlugin:74 - create IPUIPlugin
2021-11-07 21:33:29,005 [INFO] IPUIPlugin:74 - create IPUIPlugin
2021-11-07 21:33:29,006 [INFO] IPUIPlugin:74 - create IPUIPlugin
2021-11-07 21:33:29,006 [INFO] IPUIPlugin:74 - create IPUIPlugin
2021-11-07 21:33:29,006 [INFO] IPUIPlugin:74 - create IPUIPlugin
2021-11-07 21:33:29,006 [INFO] IPUIPlugin:74 - create IPUIPlugin
2021-11-07 21:33:29,006 [INFO] IPUIPlugin:74 - create IPUIPlugin
2021-11-07 21:33:29,007 [INFO] IPUIPlugin:74 - create IPUIPlugin
2021-11-07 21:33:29,007 [INFO] IPUIPlugin:74 - create IPUIPlugin
2021-11-07 21:33:29,007 [INFO] IPUIPlugin:74 - create IPUIPlugin
2021-11-07 21:33:29,007 [INFO] IPUIPlugin:74 - create IPUIPlugin
2021-11-07 21:33:29,007 [INFO] IPUIPlugin:74 - create IPUIPlugin
2021-11-07 21:33:29,008 [INFO] IPUIPlugin:74 - create IPUIPlugin
2021-11-07 21:33:29,008 [INFO] IPUIPlugin:74 - create IPUIPlugin
2021-11-07 21:33:29,008 [INFO] IPUIPlugin:74 - create IPUIPlugin
2021-11-07 21:33:29,009 [INFO] IPUIPlugin:74 - create IPUIPlugin
2021-11-07 21:33:29,009 [INFO] IPUIPlugin:74 - create IPUIPlugin
2021-11-07 21:33:29,009 [INFO] IPUIPlugin:74 - create IPUIPlugin
2021-11-07 21:33:29,010 [INFO] IPUIPlugin:74 - create IPUIPlugin
2021-11-07 21:33:29,010 [INFO] IPUIPlugin:74 - create IPUIPlugin
2021-11-07 21:33:29,010 [INFO] IPUIPlugin:74 - create IPUIPlugin
2021-11-07 21:33:29,011 [INFO] IPUIPlugin:74 - create IPUIPlugin
2021-11-07 21:33:29,011 [INFO] IPUIPlugin:74 - create IPUIPlugin
2021-11-07 21:33:29,012 [INFO] IPUIPlugin:74 - create IPUIPlugin
2021-11-07 21:33:29,013 [INFO] IPUIPlugin:74 - create IPUIPlugin
2021-11-07 21:33:29,013 [INFO] IPUIPlugin:74 - create IPUIPlugin
2021-11-07 21:33:29,014 [INFO] IPUIPlugin:74 - create IPUIPlugin
2021-11-07 21:33:29,014 [INFO] IPUIPlugin:74 - create IPUIPlugin
2021-11-07 21:33:29,015 [INFO] IPUIPlugin:74 - create IPUIPlugin
2021-11-07 21:33:29,015 [INFO] IPUIPlugin:74 - create IPUIPlugin
2021-11-07 21:33:29,016 [INFO] IPUIPlugin:74 - create IPUIPlugin
2021-11-07 21:33:29,237 [INFO] OpenFileManager:333 - Restore cursor
2021-11-07 21:33:29,784 [INFO] UtilMem:74 - End SaveConfig() Used Memory: 585432376 Bytes (793772032)
2021-11-07 21:33:29,841 [INFO] UtilMem:74 - End SaveConfig() Used Memory: 603258168 Bytes (793772032)
2021-11-07 21:33:30,186 [INFO] BlockDiagram:2740 - set Specific Code input for plugin: NVIC
2021-11-07 21:33:30,186 [INFO] BlockDiagram:2740 - set Specific Code input for plugin: SYS
2021-11-07 21:33:30,186 [INFO] BlockDiagram:2740 - set Specific Code input for plugin: RCC
2021-11-07 21:33:30,187 [INFO] CodeGenerator:663 - code generatio: config db path: D:\ST\STM32CubeIDE_1.7.0\STM32CubeIDE\plugins\com.st.stm32cube.common.mx_6.3.0.202107141111\\db\
2021-11-07 21:33:30,924 [INFO] CodeEngine:239 - oldGeneratedFile, C:\Users\10786\Desktop\stm32 303\vrs_cv3_programming\vrs_cv3_ll_programming\MXTmpFiles\license.tmp_save
2021-11-07 21:33:31,409 [INFO] CodeEngine:257 - Generated code: C:\Users\10786\Desktop\stm32 303\vrs_cv3_programming\vrs_cv3_ll_programming\MXTmpFiles\license.tmp
2021-11-07 21:33:31,441 [WARN] IPConfigManager:3829 - WARNING: Missing Config File for SYS ip!!
2021-11-07 21:33:31,804 [INFO] CodeEngine:239 - oldGeneratedFile, C:\Users\10786\Desktop\stm32 303\vrs_cv3_programming\vrs_cv3_ll_programming\Core\Src\stm32f3xx_it.c_save
2021-11-07 21:33:31,987 [INFO] CodeEngine:257 - Generated code: C:\Users\10786\Desktop\stm32 303\vrs_cv3_programming\vrs_cv3_ll_programming\Core\Src\stm32f3xx_it.c
2021-11-07 21:33:31,991 [INFO] CodeEngine:239 - oldGeneratedFile, C:\Users\10786\Desktop\stm32 303\vrs_cv3_programming\vrs_cv3_ll_programming\Core\Inc\stm32f3xx_it.h_save
2021-11-07 21:33:32,062 [INFO] CodeEngine:257 - Generated code: C:\Users\10786\Desktop\stm32 303\vrs_cv3_programming\vrs_cv3_ll_programming\Core\Inc\stm32f3xx_it.h
2021-11-07 21:33:32,072 [INFO] CodeEngine:239 - oldGeneratedFile, C:\Users\10786\Desktop\stm32 303\vrs_cv3_programming\vrs_cv3_ll_programming\MXTmpFiles\system.tmp_save
2021-11-07 21:33:32,138 [INFO] CodeEngine:257 - Generated code: C:\Users\10786\Desktop\stm32 303\vrs_cv3_programming\vrs_cv3_ll_programming\MXTmpFiles\system.tmp
2021-11-07 21:33:32,152 [INFO] CodeEngine:239 - oldGeneratedFile, C:\Users\10786\Desktop\stm32 303\vrs_cv3_programming\vrs_cv3_ll_programming\Core\Inc\stm32_assert.h_save
2021-11-07 21:33:32,243 [INFO] CodeEngine:257 - Generated code: C:\Users\10786\Desktop\stm32 303\vrs_cv3_programming\vrs_cv3_ll_programming\Core\Inc\stm32_assert.h
2021-11-07 21:33:32,259 [WARN] IPConfigManager:2738 - Warning: the RefConfig RCC_LSEDRIVE_CONFIG is not available in your config.xml file
2021-11-07 21:33:32,265 [WARN] IPConfigManager:2738 - Warning: the RefConfig RCC_ClockConfig is not available in your config.xml file
2021-11-07 21:33:32,266 [WARN] IPConfigManager:2738 - Warning: the RefConfig PWR_EnableSDADCAnalog1 is not available in your config.xml file
2021-11-07 21:33:32,266 [WARN] IPConfigManager:2738 - Warning: the RefConfig PWR_EnableSDADCAnalog2 is not available in your config.xml file
2021-11-07 21:33:32,266 [WARN] IPConfigManager:2738 - Warning: the RefConfig PWR_EnableSDADCAnalog3 is not available in your config.xml file
2021-11-07 21:33:32,266 [WARN] IPConfigManager:2738 - Warning: the RefConfig RCC_MCOConfig is not available in your config.xml file
2021-11-07 21:33:32,266 [WARN] IPConfigManager:2738 - Warning: the RefConfig RCC_interrupt_Time_SYSTICK_Config is not available in your config.xml file
2021-11-07 21:33:32,266 [WARN] IPConfigManager:2738 - Warning: the RefConfig RCC_SYSTICK_CONFIG is not available in your config.xml file
2021-11-07 21:33:32,308 [INFO] CodeEngine:239 - oldGeneratedFile, C:\Users\10786\Desktop\stm32 303\vrs_cv3_programming\vrs_cv3_ll_programming\Core\Inc\main.h_save
2021-11-07 21:33:32,394 [INFO] CodeEngine:257 - Generated code: C:\Users\10786\Desktop\stm32 303\vrs_cv3_programming\vrs_cv3_ll_programming\Core\Inc\main.h
2021-11-07 21:33:32,408 [INFO] CodeEngine:239 - oldGeneratedFile, C:\Users\10786\Desktop\stm32 303\vrs_cv3_programming\vrs_cv3_ll_programming\Core\Src\main.c_save
2021-11-07 21:33:32,567 [INFO] CodeEngine:257 - Generated code: C:\Users\10786\Desktop\stm32 303\vrs_cv3_programming\vrs_cv3_ll_programming\Core\Src\main.c
2021-11-07 21:33:33,611 [INFO] ProjectBuilder:2578 - Time for Copy HAL[1] : 190mS.
2021-11-07 21:33:33,619 [INFO] ProjectBuilder:3622 - Project Generator version: 3.14.1
2021-11-07 21:33:34,426 [INFO] ConfigFileManager:1271 - The Die is : DIE438
2021-11-07 21:33:34,581 [INFO] ApiDbMcu:468 - Load IP Config File for FATFS
2021-11-07 21:33:34,637 [INFO] ApiDbMcu:468 - Load IP Config File for FREERTOS
2021-11-07 21:33:34,850 [INFO] ApiDbMcu:468 - Load IP Config File for TOUCHSENSING
2021-11-07 21:33:43,350 [INFO] ProjectBuilder:3789 - Time for Generating toolchain IDE Files: 9731mS.
2021-11-07 21:33:43,351 [INFO] ProjectBuilder:2457 - Time for Copy CMSIS : 1mS.
2021-11-07 21:33:43,354 [INFO] ProjectBuilder:2457 - Time for Copy CMSIS : 0mS.
2021-11-07 21:33:43,782 [INFO] McuFinderGlobals:52 - Set McuFinderConnectedMode to true
2021-11-07 21:33:43,949 [INFO] ApiDb:276 - Save user favorites file C:\Users\10786/.stm32cubeide/favorites.mcus.txt: 1 item(s)
2021-11-07 21:33:43,949 [INFO] ApiDb:280 - User favorites MCUs=[STM32F303K8Tx]
2021-11-07 21:34:12,442 [INFO] MainUpdater:2671 - connection check result : 10
2021-11-07 21:34:12,547 [INFO] McuFinderGlobals:52 - Set McuFinderConnectedMode to false
2021-11-07 21:34:12,558 [INFO] CrossSelectorPresenter:1330 - Cross Selector saved comparison directory: C:\Users\10786\.stmcufinder\plugins\mcufinder\mcu\cs_comparisons_mx
2021-11-07 21:34:12,559 [INFO] MultiScanPanel:197 - Auto-refresh data requested => check proxy status ongoing
2021-11-07 21:34:12,559 [INFO] MultiScanPanel:201 - Proxy status is invalid
2021-11-07 21:34:12,560 [INFO] FinderPluginLoader:87 - Searching for filters in installed packs
2021-11-07 21:34:12,851 [INFO] DetailPanel:309 - Set advertising image to C:/Users/10786/STM32Cube/Repository/\en.Prom_NBSTM32U50921.jpg
2021-11-07 21:37:29,832 [INFO] MainUpdater:2671 - connection check result : 10
2021-11-07 21:37:29,935 [INFO] McuFinderGlobals:52 - Set McuFinderConnectedMode to false
2021-11-07 21:37:29,944 [INFO] CrossSelectorPresenter:1330 - Cross Selector saved comparison directory: C:\Users\10786\.stmcufinder\plugins\mcufinder\mcu\cs_comparisons_mx
2021-11-07 21:37:29,947 [INFO] MultiScanPanel:197 - Auto-refresh data requested => check proxy status ongoing
2021-11-07 21:37:29,947 [INFO] MultiScanPanel:201 - Proxy status is invalid
2021-11-07 21:37:29,947 [INFO] FinderPluginLoader:87 - Searching for filters in installed packs
2021-11-07 21:37:30,236 [INFO] DetailPanel:309 - Set advertising image to C:/Users/10786/STM32Cube/Repository/\en.Prom_NBSTM32U50921.jpg
2021-11-07 21:38:39,667 [ERROR] LogOutputStream:74 - [STDERR_REDIRECT] Exception in thread "AWT-EventQueue-0" org.eclipse.swt.SWTException: Device is disposed
2021-11-07 21:38:39,667 [ERROR] LogOutputStream:74 - [STDERR_REDIRECT] 	at org.eclipse.swt.SWT.error(SWT.java:4889)
2021-11-07 21:38:39,668 [ERROR] LogOutputStream:74 - [STDERR_REDIRECT] 	at org.eclipse.swt.SWT.error(SWT.java:4804)
2021-11-07 21:38:39,669 [ERROR] LogOutputStream:74 - [STDERR_REDIRECT] 	at org.eclipse.swt.SWT.error(SWT.java:4775)
2021-11-07 21:38:39,671 [ERROR] LogOutputStream:74 - [STDERR_REDIRECT] 	at org.eclipse.swt.widgets.Display.error(Display.java:1262)
2021-11-07 21:38:39,673 [ERROR] LogOutputStream:74 - [STDERR_REDIRECT] 	at org.eclipse.swt.widgets.Display.asyncExec(Display.java:779)
2021-11-07 21:38:39,675 [ERROR] LogOutputStream:74 - [STDERR_REDIRECT] 	at com.st.stm32cube.common.mx.oss.core.awtswtbridge.AwtEnvironment$2.run(AwtEnvironment.java:168)
2021-11-07 21:38:39,677 [ERROR] LogOutputStream:74 - [STDERR_REDIRECT] 	at java.desktop/java.awt.event.InvocationEvent.dispatch(InvocationEvent.java:313)
2021-11-07 21:38:39,679 [ERROR] LogOutputStream:74 - [STDERR_REDIRECT] 	at java.desktop/java.awt.EventQueue.dispatchEventImpl(EventQueue.java:770)
2021-11-07 21:38:39,680 [ERROR] LogOutputStream:74 - [STDERR_REDIRECT] 	at java.desktop/java.awt.EventQueue$4.run(EventQueue.java:721)
2021-11-07 21:38:39,682 [ERROR] LogOutputStream:74 - [STDERR_REDIRECT] 	at java.desktop/java.awt.EventQueue$4.run(EventQueue.java:715)
2021-11-07 21:38:39,683 [ERROR] LogOutputStream:74 - [STDERR_REDIRECT] 	at java.base/java.security.AccessController.doPrivileged(Native Method)
2021-11-07 21:38:39,689 [ERROR] LogOutputStream:74 - [STDERR_REDIRECT] 	at java.base/java.security.ProtectionDomain$JavaSecurityAccessImpl.doIntersectionPrivilege(ProtectionDomain.java:85)
2021-11-07 21:38:39,690 [ERROR] LogOutputStream:74 - [STDERR_REDIRECT] 	at java.desktop/java.awt.EventQueue.dispatchEvent(EventQueue.java:740)
2021-11-07 21:38:39,693 [ERROR] LogOutputStream:74 - [STDERR_REDIRECT] 	at java.desktop/java.awt.EventDispatchThread.pumpOneEventForFilters(EventDispatchThread.java:203)
2021-11-07 21:38:39,697 [ERROR] LogOutputStream:74 - [STDERR_REDIRECT] 	at java.desktop/java.awt.EventDispatchThread.pumpEventsForFilter(EventDispatchThread.java:124)
2021-11-07 21:38:39,699 [ERROR] LogOutputStream:74 - [STDERR_REDIRECT] 	at java.desktop/java.awt.EventDispatchThread.pumpEventsForHierarchy(EventDispatchThread.java:113)
2021-11-07 21:38:39,702 [ERROR] LogOutputStream:74 - [STDERR_REDIRECT] 	at java.desktop/java.awt.EventDispatchThread.pumpEvents(EventDispatchThread.java:109)
2021-11-07 21:38:39,706 [ERROR] LogOutputStream:74 - [STDERR_REDIRECT] 	at java.desktop/java.awt.EventDispatchThread.pumpEvents(EventDispatchThread.java:101)
2021-11-07 21:38:39,710 [ERROR] LogOutputStream:74 - [STDERR_REDIRECT] 	at java.desktop/java.awt.EventDispatchThread.run(EventDispatchThread.java:90)
2021-11-07 21:38:39,732 [ERROR] LogOutputStream:74 - [STDERR_REDIRECT] Exception in thread "AWT-EventQueue-0" org.eclipse.swt.SWTException: Device is disposed
2021-11-07 21:38:39,733 [ERROR] LogOutputStream:74 - [STDERR_REDIRECT] 	at org.eclipse.swt.SWT.error(SWT.java:4889)
2021-11-07 21:38:39,736 [ERROR] LogOutputStream:74 - [STDERR_REDIRECT] 	at org.eclipse.swt.SWT.error(SWT.java:4804)
2021-11-07 21:38:39,737 [ERROR] LogOutputStream:74 - [STDERR_REDIRECT] 	at org.eclipse.swt.SWT.error(SWT.java:4775)
2021-11-07 21:38:39,741 [ERROR] LogOutputStream:74 - [STDERR_REDIRECT] 	at org.eclipse.swt.widgets.Display.error(Display.java:1262)
2021-11-07 21:38:39,742 [ERROR] LogOutputStream:74 - [STDERR_REDIRECT] 	at org.eclipse.swt.widgets.Display.asyncExec(Display.java:779)
2021-11-07 21:38:39,746 [ERROR] LogOutputStream:74 - [STDERR_REDIRECT] 	at com.st.stm32cube.common.mx.oss.core.awtswtbridge.AwtEnvironment$2.run(AwtEnvironment.java:168)
2021-11-07 21:38:39,748 [ERROR] LogOutputStream:74 - [STDERR_REDIRECT] 	at java.desktop/java.awt.event.InvocationEvent.dispatch(InvocationEvent.java:313)
2021-11-07 21:38:39,749 [ERROR] LogOutputStream:74 - [STDERR_REDIRECT] 	at java.desktop/java.awt.EventQueue.dispatchEventImpl(EventQueue.java:770)
2021-11-07 21:38:39,751 [ERROR] LogOutputStream:74 - [STDERR_REDIRECT] 	at java.desktop/java.awt.EventQueue$4.run(EventQueue.java:721)
2021-11-07 21:38:39,753 [ERROR] LogOutputStream:74 - [STDERR_REDIRECT] 	at java.desktop/java.awt.EventQueue$4.run(EventQueue.java:715)
2021-11-07 21:38:39,754 [ERROR] LogOutputStream:74 - [STDERR_REDIRECT] 	at java.base/java.security.AccessController.doPrivileged(Native Method)
2021-11-07 21:38:39,757 [ERROR] LogOutputStream:74 - [STDERR_REDIRECT] 	at java.base/java.security.ProtectionDomain$JavaSecurityAccessImpl.doIntersectionPrivilege(ProtectionDomain.java:85)
2021-11-07 21:38:39,759 [ERROR] LogOutputStream:74 - [STDERR_REDIRECT] 	at java.desktop/java.awt.EventQueue.dispatchEvent(EventQueue.java:740)
2021-11-07 21:38:39,761 [ERROR] LogOutputStream:74 - [STDERR_REDIRECT] 	at java.desktop/java.awt.EventDispatchThread.pumpOneEventForFilters(EventDispatchThread.java:203)
2021-11-07 21:38:39,763 [ERROR] LogOutputStream:74 - [STDERR_REDIRECT] 	at java.desktop/java.awt.EventDispatchThread.pumpEventsForFilter(EventDispatchThread.java:124)
2021-11-07 21:38:39,765 [ERROR] LogOutputStream:74 - [STDERR_REDIRECT] 	at java.desktop/java.awt.EventDispatchThread.pumpEventsForHierarchy(EventDispatchThread.java:113)
2021-11-07 21:38:39,768 [ERROR] LogOutputStream:74 - [STDERR_REDIRECT] 	at java.desktop/java.awt.EventDispatchThread.pumpEvents(EventDispatchThread.java:109)
2021-11-07 21:38:39,770 [ERROR] LogOutputStream:74 - [STDERR_REDIRECT] 	at java.desktop/java.awt.EventDispatchThread.pumpEvents(EventDispatchThread.java:101)
2021-11-07 21:38:39,773 [ERROR] LogOutputStream:74 - [STDERR_REDIRECT] 	at java.desktop/java.awt.EventDispatchThread.run(EventDispatchThread.java:90)
